MASTER> working path: /mnt/lustre/a2fs-work2/work/e05/e05/wkjee/Software/master-worker-C-Fortran-Python/mpi/C/master_worker/archer2_klmcgulp/build/2node_2/A0
MASTER> working path: /mnt/lustre/a2fs-work2/work/e05/e05/wkjee/Software/master-worker-C-Fortran-Python/mpi/C/master_worker/archer2_klmcgulp/build/2node_2/A1
MASTER> working path: /mnt/lustre/a2fs-work2/work/e05/e05/wkjee/Software/master-worker-C-Fortran-Python/mpi/C/master_worker/archer2_klmcgulp/build/2node_2/A2
MASTER> working path: /mnt/lustre/a2fs-work2/work/e05/e05/wkjee/Software/master-worker-C-Fortran-Python/mpi/C/master_worker/archer2_klmcgulp/build/2node_2/A3
MASTER> working path: /mnt/lustre/a2fs-work2/work/e05/e05/wkjee/Software/master-worker-C-Fortran-Python/mpi/C/master_worker/archer2_klmcgulp/build/2node_2/A4
MASTER> working path: /mnt/lustre/a2fs-work2/work/e05/e05/wkjee/Software/master-worker-C-Fortran-Python/mpi/C/master_worker/archer2_klmcgulp/build/2node_2/A5
MASTER> working path: /mnt/lustre/a2fs-work2/work/e05/e05/wkjee/Software/master-worker-C-Fortran-Python/mpi/C/master_worker/archer2_klmcgulp/build/2node_2/A6
MASTER> working path: /mnt/lustre/a2fs-work2/work/e05/e05/wkjee/Software/master-worker-C-Fortran-Python/mpi/C/master_worker/archer2_klmcgulp/build/2node_2/A7
MASTER> working path: /mnt/lustre/a2fs-work2/work/e05/e05/wkjee/Software/master-worker-C-Fortran-Python/mpi/C/master_worker/archer2_klmcgulp/build/2node_2/A8
MASTER> working path: /mnt/lustre/a2fs-work2/work/e05/e05/wkjee/Software/master-worker-C-Fortran-Python/mpi/C/master_worker/archer2_klmcgulp/build/2node_2/A9
MASTER> working path: /mnt/lustre/a2fs-work2/work/e05/e05/wkjee/Software/master-worker-C-Fortran-Python/mpi/C/master_worker/archer2_klmcgulp/build/2node_2/A10
MASTER> working path: /mnt/lustre/a2fs-work2/work/e05/e05/wkjee/Software/master-worker-C-Fortran-Python/mpi/C/master_worker/archer2_klmcgulp/build/2node_2/A11
MASTER> working path: /mnt/lustre/a2fs-work2/work/e05/e05/wkjee/Software/master-worker-C-Fortran-Python/mpi/C/master_worker/archer2_klmcgulp/build/2node_2/A12
MASTER> working path: /mnt/lustre/a2fs-work2/work/e05/e05/wkjee/Software/master-worker-C-Fortran-Python/mpi/C/master_worker/archer2_klmcgulp/build/2node_2/A13
MASTER> working path: /mnt/lustre/a2fs-work2/work/e05/e05/wkjee/Software/master-worker-C-Fortran-Python/mpi/C/master_worker/archer2_klmcgulp/build/2node_2/A14
MASTER> working path: /mnt/lustre/a2fs-work2/work/e05/e05/wkjee/Software/master-worker-C-Fortran-Python/mpi/C/master_worker/archer2_klmcgulp/build/2node_2/A15
MASTER> working path: /mnt/lustre/a2fs-work2/work/e05/e05/wkjee/Software/master-worker-C-Fortran-Python/mpi/C/master_worker/archer2_klmcgulp/build/2node_2/A16
MASTER> working path: /mnt/lustre/a2fs-work2/work/e05/e05/wkjee/Software/master-worker-C-Fortran-Python/mpi/C/master_worker/archer2_klmcgulp/build/2node_2/A17
MASTER> working path: /mnt/lustre/a2fs-work2/work/e05/e05/wkjee/Software/master-worker-C-Fortran-Python/mpi/C/master_worker/archer2_klmcgulp/build/2node_2/A18
MASTER> working path: /mnt/lustre/a2fs-work2/work/e05/e05/wkjee/Software/master-worker-C-Fortran-Python/mpi/C/master_worker/archer2_klmcgulp/build/2node_2/A19
MASTER> working path: /mnt/lustre/a2fs-work2/work/e05/e05/wkjee/Software/master-worker-C-Fortran-Python/mpi/C/master_worker/archer2_klmcgulp/build/2node_2/A20
MASTER> working path: /mnt/lustre/a2fs-work2/work/e05/e05/wkjee/Software/master-worker-C-Fortran-Python/mpi/C/master_worker/archer2_klmcgulp/build/2node_2/A21
MASTER> working path: /mnt/lustre/a2fs-work2/work/e05/e05/wkjee/Software/master-worker-C-Fortran-Python/mpi/C/master_worker/archer2_klmcgulp/build/2node_2/A22
MASTER> working path: /mnt/lustre/a2fs-work2/work/e05/e05/wkjee/Software/master-worker-C-Fortran-Python/mpi/C/master_worker/archer2_klmcgulp/build/2node_2/A23
MASTER> working path: /mnt/lustre/a2fs-work2/work/e05/e05/wkjee/Software/master-worker-C-Fortran-Python/mpi/C/master_worker/archer2_klmcgulp/build/2node_2/A24
MASTER> working path: /mnt/lustre/a2fs-work2/work/e05/e05/wkjee/Software/master-worker-C-Fortran-Python/mpi/C/master_worker/archer2_klmcgulp/build/2node_2/A25
MASTER> working path: /mnt/lustre/a2fs-work2/work/e05/e05/wkjee/Software/master-worker-C-Fortran-Python/mpi/C/master_worker/archer2_klmcgulp/build/2node_2/A26
MASTER> working path: /mnt/lustre/a2fs-work2/work/e05/e05/wkjee/Software/master-worker-C-Fortran-Python/mpi/C/master_worker/archer2_klmcgulp/build/2node_2/A27
MASTER> working path: /mnt/lustre/a2fs-work2/work/e05/e05/wkjee/Software/master-worker-C-Fortran-Python/mpi/C/master_worker/archer2_klmcgulp/build/2node_2/A28
MASTER> working path: /mnt/lustre/a2fs-work2/work/e05/e05/wkjee/Software/master-worker-C-Fortran-Python/mpi/C/master_worker/archer2_klmcgulp/build/2node_2/A29
MASTER> working path: /mnt/lustre/a2fs-work2/work/e05/e05/wkjee/Software/master-worker-C-Fortran-Python/mpi/C/master_worker/archer2_klmcgulp/build/2node_2/A30
MASTER> working path: /mnt/lustre/a2fs-work2/work/e05/e05/wkjee/Software/master-worker-C-Fortran-Python/mpi/C/master_worker/archer2_klmcgulp/build/2node_2/A31
MASTER> working path: /mnt/lustre/a2fs-work2/work/e05/e05/wkjee/Software/master-worker-C-Fortran-Python/mpi/C/master_worker/archer2_klmcgulp/build/2node_2/A32
MASTER> working path: /mnt/lustre/a2fs-work2/work/e05/e05/wkjee/Software/master-worker-C-Fortran-Python/mpi/C/master_worker/archer2_klmcgulp/build/2node_2/A33
=============================================================================
 Task configuration
=============================================================================
MASTER> Initial task send > MPI_Isend complete: master -> 0 (base-rank) with [ tag, size ] = [ 0, 32 ] - task_id: 0 
MASTER> Initial task send > MPI_Isend complete: master -> 32 (base-rank) with [ tag, size ] = [ 1, 32 ] - task_id: 1 
MASTER> Initial task send > MPI_Isend complete: master -> 64 (base-rank) with [ tag, size ] = [ 2, 32 ] - task_id: 2 
MASTER> Initial task send > MPI_Isend complete: master -> 96 (base-rank) with [ tag, size ] = [ 3, 32 ] - task_id: 3 
MASTER> Initial task send > MPI_Isend complete: master -> 128 (base-rank) with [ tag, size ] = [ 4, 32 ] - task_id: 4 
MASTER> Initial task send > MPI_Isend complete: master -> 160 (base-rank) with [ tag, size ] = [ 5, 32 ] - task_id: 5 
MASTER> Initial task send > MPI_Isend complete: master -> 192 (base-rank) with [ tag, size ] = [ 6, 32 ] - task_id: 6 
MASTER> Initial task send > MPI_Isend complete: master -> 224 (base-rank) with [ tag, size ] = [ 7, 31 ] - task_id: 7 
MASTER> MPI_Recv complete: from 0 - task_id: 0 
MASTER> MPI_Send complete: master -> 0 (base-rank) - task_id: 8
MASTER> MPI_Recv complete: from 32 - task_id: 1 
MASTER> MPI_Send complete: master -> 32 (base-rank) - task_id: 9
MASTER> MPI_Recv complete: from 192 - task_id: 6 
MASTER> MPI_Send complete: master -> 192 (base-rank) - task_id: 10
MASTER> MPI_Recv complete: from 64 - task_id: 2 
MASTER> MPI_Send complete: master -> 64 (base-rank) - task_id: 11
MASTER> MPI_Recv complete: from 96 - task_id: 3 
MASTER> MPI_Send complete: master -> 96 (base-rank) - task_id: 12
MASTER> MPI_Recv complete: from 160 - task_id: 5 
MASTER> MPI_Send complete: master -> 160 (base-rank) - task_id: 13
MASTER> MPI_Recv complete: from 224 - task_id: 7 
MASTER> MPI_Send complete: master -> 224 (base-rank) - task_id: 14
MASTER> MPI_Recv complete: from 128 - task_id: 4 
MASTER> MPI_Send complete: master -> 128 (base-rank) - task_id: 15
MASTER> MPI_Recv complete: from 64 - task_id: 11 
MASTER> MPI_Send complete: master -> 64 (base-rank) - task_id: 16
MASTER> MPI_Recv complete: from 224 - task_id: 14 
MASTER> MPI_Send complete: master -> 224 (base-rank) - task_id: 17
MASTER> MPI_Recv complete: from 0 - task_id: 8 
MASTER> MPI_Send complete: master -> 0 (base-rank) - task_id: 18
MASTER> MPI_Recv complete: from 192 - task_id: 10 
MASTER> MPI_Send complete: master -> 192 (base-rank) - task_id: 19
MASTER> MPI_Recv complete: from 32 - task_id: 9 
MASTER> MPI_Send complete: master -> 32 (base-rank) - task_id: 20
MASTER> MPI_Recv complete: from 96 - task_id: 12 
MASTER> MPI_Send complete: master -> 96 (base-rank) - task_id: 21
MASTER> MPI_Recv complete: from 128 - task_id: 15 
MASTER> MPI_Send complete: master -> 128 (base-rank) - task_id: 22
MASTER> MPI_Recv complete: from 160 - task_id: 13 
MASTER> MPI_Send complete: master -> 160 (base-rank) - task_id: 23
MASTER> MPI_Recv complete: from 64 - task_id: 16 
MASTER> MPI_Send complete: master -> 64 (base-rank) - task_id: 24
MASTER> MPI_Recv complete: from 224 - task_id: 17 
MASTER> MPI_Send complete: master -> 224 (base-rank) - task_id: 25
MASTER> MPI_Recv complete: from 160 - task_id: 23 
MASTER> MPI_Send complete: master -> 160 (base-rank) - task_id: 26
MASTER> MPI_Recv complete: from 0 - task_id: 18 
MASTER> MPI_Send complete: master -> 0 (base-rank) - task_id: 27
MASTER> MPI_Recv complete: from 192 - task_id: 19 
MASTER> MPI_Send complete: master -> 192 (base-rank) - task_id: 28
MASTER> MPI_Recv complete: from 32 - task_id: 20 
MASTER> MPI_Send complete: master -> 32 (base-rank) - task_id: 29
MASTER> MPI_Recv complete: from 96 - task_id: 21 
MASTER> MPI_Send complete: master -> 96 (base-rank) - task_id: 30
MASTER> MPI_Recv complete: from 128 - task_id: 22 
MASTER> MPI_Send complete: master -> 128 (base-rank) - task_id: 31
MASTER> MPI_Recv complete: from 64 - task_id: 24 
MASTER> MPI_Send complete: master -> 64 (base-rank) - task_id: 32
MASTER> MPI_Recv complete: from 224 - task_id: 25 
MASTER> MPI_Send complete: master -> 224 (base-rank) - task_id: 33
