--------------------------------------------------------------------
WORKGROUP [0] > MPI_Recv complete : task 2988a0 0 55
WORKGROUP [0] > MPI_Bcast complete : worker_rank [0] task 2988a0 0 55
WORKGROUP [0]: Task working directory: /mnt/lustre/a2fs-work2/work/e05/e05/wkjee/Software/master-worker-C-Fortran-Python/mpi/C/master_worker/archer2_klmcgulp/build/2node_2/A0
WORKGROUP [0]: Task master directory: /mnt/lustre/a2fs-work2/work/e05/e05/wkjee/Software/master-worker-C-Fortran-Python/mpi/C/master_worker/archer2_klmcgulp/build/2node_2
WORKGROUP [0] > MPI_Send complete <result callback to master> : task 2988a0 0 57
--------------------------------------------------------------------
WORKGROUP [0] > MPI_Recv complete : task 2988a0 8 55
WORKGROUP [0] > MPI_Bcast complete : worker_rank [0] task 2988a0 8 55
WORKGROUP [0]: Task working directory: /mnt/lustre/a2fs-work2/work/e05/e05/wkjee/Software/master-worker-C-Fortran-Python/mpi/C/master_worker/archer2_klmcgulp/build/2node_2/A8
WORKGROUP [0]: Task master directory: /mnt/lustre/a2fs-work2/work/e05/e05/wkjee/Software/master-worker-C-Fortran-Python/mpi/C/master_worker/archer2_klmcgulp/build/2node_2
WORKGROUP [0] > MPI_Send complete <result callback to master> : task 2988a0 8 57
--------------------------------------------------------------------
WORKGROUP [0] > MPI_Recv complete : task 2988a0 18 55
WORKGROUP [0] > MPI_Bcast complete : worker_rank [0] task 2988a0 18 55
WORKGROUP [0]: Task working directory: /mnt/lustre/a2fs-work2/work/e05/e05/wkjee/Software/master-worker-C-Fortran-Python/mpi/C/master_worker/archer2_klmcgulp/build/2node_2/A18
WORKGROUP [0]: Task master directory: /mnt/lustre/a2fs-work2/work/e05/e05/wkjee/Software/master-worker-C-Fortran-Python/mpi/C/master_worker/archer2_klmcgulp/build/2node_2
WORKGROUP [0] > MPI_Send complete <result callback to master> : task 2988a0 18 57
--------------------------------------------------------------------
WORKGROUP [0] > MPI_Recv complete : task 2988a0 27 55
WORKGROUP [0] > MPI_Bcast complete : worker_rank [0] task 2988a0 27 55
WORKGROUP [0]: Task working directory: /mnt/lustre/a2fs-work2/work/e05/e05/wkjee/Software/master-worker-C-Fortran-Python/mpi/C/master_worker/archer2_klmcgulp/build/2node_2/A27
