--------------------------------------------------------------------
WORKGROUP [6] > MPI_Recv complete : task 2988a0 6 55
WORKGROUP [6] > MPI_Bcast complete : worker_rank [0] task 2988a0 6 55
WORKGROUP [6]: Task working directory: /mnt/lustre/a2fs-work2/work/e05/e05/wkjee/Software/master-worker-C-Fortran-Python/mpi/C/master_worker/archer2_klmcgulp/build/2node_2/A6
WORKGROUP [6]: Task master directory: /mnt/lustre/a2fs-work2/work/e05/e05/wkjee/Software/master-worker-C-Fortran-Python/mpi/C/master_worker/archer2_klmcgulp/build/2node_2
WORKGROUP [6] > MPI_Send complete <result callback to master> : task 2988a0 6 57
--------------------------------------------------------------------
WORKGROUP [6] > MPI_Recv complete : task 2988a0 10 55
WORKGROUP [6] > MPI_Bcast complete : worker_rank [0] task 2988a0 10 55
WORKGROUP [6]: Task working directory: /mnt/lustre/a2fs-work2/work/e05/e05/wkjee/Software/master-worker-C-Fortran-Python/mpi/C/master_worker/archer2_klmcgulp/build/2node_2/A10
WORKGROUP [6]: Task master directory: /mnt/lustre/a2fs-work2/work/e05/e05/wkjee/Software/master-worker-C-Fortran-Python/mpi/C/master_worker/archer2_klmcgulp/build/2node_2
WORKGROUP [6] > MPI_Send complete <result callback to master> : task 2988a0 10 57
--------------------------------------------------------------------
WORKGROUP [6] > MPI_Recv complete : task 2988a0 19 55
WORKGROUP [6] > MPI_Bcast complete : worker_rank [0] task 2988a0 19 55
WORKGROUP [6]: Task working directory: /mnt/lustre/a2fs-work2/work/e05/e05/wkjee/Software/master-worker-C-Fortran-Python/mpi/C/master_worker/archer2_klmcgulp/build/2node_2/A19
WORKGROUP [6]: Task master directory: /mnt/lustre/a2fs-work2/work/e05/e05/wkjee/Software/master-worker-C-Fortran-Python/mpi/C/master_worker/archer2_klmcgulp/build/2node_2
WORKGROUP [6] > MPI_Send complete <result callback to master> : task 2988a0 19 57
--------------------------------------------------------------------
WORKGROUP [6] > MPI_Recv complete : task 2988a0 28 55
WORKGROUP [6] > MPI_Bcast complete : worker_rank [0] task 2988a0 28 55
WORKGROUP [6]: Task working directory: /mnt/lustre/a2fs-work2/work/e05/e05/wkjee/Software/master-worker-C-Fortran-Python/mpi/C/master_worker/archer2_klmcgulp/build/2node_2/A28
