--------------------------------------------------------------------
WORKGROUP [3] > MPI_Recv complete : task 2988a0 3 55
WORKGROUP [3] > MPI_Bcast complete : worker_rank [0] task 2988a0 3 55
WORKGROUP [3]: Task working directory: /mnt/lustre/a2fs-work2/work/e05/e05/wkjee/Software/master-worker-C-Fortran-Python/mpi/C/master_worker/archer2_klmcgulp/build/2node_2/A3
WORKGROUP [3]: Task master directory: /mnt/lustre/a2fs-work2/work/e05/e05/wkjee/Software/master-worker-C-Fortran-Python/mpi/C/master_worker/archer2_klmcgulp/build/2node_2
WORKGROUP [3] > MPI_Send complete <result callback to master> : task 2988a0 3 57
--------------------------------------------------------------------
WORKGROUP [3] > MPI_Recv complete : task 2988a0 12 55
WORKGROUP [3] > MPI_Bcast complete : worker_rank [0] task 2988a0 12 55
WORKGROUP [3]: Task working directory: /mnt/lustre/a2fs-work2/work/e05/e05/wkjee/Software/master-worker-C-Fortran-Python/mpi/C/master_worker/archer2_klmcgulp/build/2node_2/A12
WORKGROUP [3]: Task master directory: /mnt/lustre/a2fs-work2/work/e05/e05/wkjee/Software/master-worker-C-Fortran-Python/mpi/C/master_worker/archer2_klmcgulp/build/2node_2
WORKGROUP [3] > MPI_Send complete <result callback to master> : task 2988a0 12 57
--------------------------------------------------------------------
WORKGROUP [3] > MPI_Recv complete : task 2988a0 21 55
WORKGROUP [3] > MPI_Bcast complete : worker_rank [0] task 2988a0 21 55
WORKGROUP [3]: Task working directory: /mnt/lustre/a2fs-work2/work/e05/e05/wkjee/Software/master-worker-C-Fortran-Python/mpi/C/master_worker/archer2_klmcgulp/build/2node_2/A21
WORKGROUP [3]: Task master directory: /mnt/lustre/a2fs-work2/work/e05/e05/wkjee/Software/master-worker-C-Fortran-Python/mpi/C/master_worker/archer2_klmcgulp/build/2node_2
WORKGROUP [3] > MPI_Send complete <result callback to master> : task 2988a0 21 57
--------------------------------------------------------------------
WORKGROUP [3] > MPI_Recv complete : task 2988a0 30 55
WORKGROUP [3] > MPI_Bcast complete : worker_rank [0] task 2988a0 30 55
WORKGROUP [3]: Task working directory: /mnt/lustre/a2fs-work2/work/e05/e05/wkjee/Software/master-worker-C-Fortran-Python/mpi/C/master_worker/archer2_klmcgulp/build/2node_2/A30
