--------------------------------------------------------------------
WORKGROUP [4] > MPI_Recv complete : task 2988a0 4 55
WORKGROUP [4] > MPI_Bcast complete : worker_rank [0] task 2988a0 4 55
WORKGROUP [4]: Task working directory: /mnt/lustre/a2fs-work2/work/e05/e05/wkjee/Software/master-worker-C-Fortran-Python/mpi/C/master_worker/archer2_klmcgulp/build/2node_2/A4
WORKGROUP [4]: Task master directory: /mnt/lustre/a2fs-work2/work/e05/e05/wkjee/Software/master-worker-C-Fortran-Python/mpi/C/master_worker/archer2_klmcgulp/build/2node_2
WORKGROUP [4] > MPI_Send complete <result callback to master> : task 2988a0 4 57
--------------------------------------------------------------------
WORKGROUP [4] > MPI_Recv complete : task 2988a0 15 55
WORKGROUP [4] > MPI_Bcast complete : worker_rank [0] task 2988a0 15 55
WORKGROUP [4]: Task working directory: /mnt/lustre/a2fs-work2/work/e05/e05/wkjee/Software/master-worker-C-Fortran-Python/mpi/C/master_worker/archer2_klmcgulp/build/2node_2/A15
WORKGROUP [4]: Task master directory: /mnt/lustre/a2fs-work2/work/e05/e05/wkjee/Software/master-worker-C-Fortran-Python/mpi/C/master_worker/archer2_klmcgulp/build/2node_2
WORKGROUP [4] > MPI_Send complete <result callback to master> : task 2988a0 15 57
--------------------------------------------------------------------
WORKGROUP [4] > MPI_Recv complete : task 2988a0 22 55
WORKGROUP [4] > MPI_Bcast complete : worker_rank [0] task 2988a0 22 55
WORKGROUP [4]: Task working directory: /mnt/lustre/a2fs-work2/work/e05/e05/wkjee/Software/master-worker-C-Fortran-Python/mpi/C/master_worker/archer2_klmcgulp/build/2node_2/A22
WORKGROUP [4]: Task master directory: /mnt/lustre/a2fs-work2/work/e05/e05/wkjee/Software/master-worker-C-Fortran-Python/mpi/C/master_worker/archer2_klmcgulp/build/2node_2
WORKGROUP [4] > MPI_Send complete <result callback to master> : task 2988a0 22 57
--------------------------------------------------------------------
WORKGROUP [4] > MPI_Recv complete : task 2988a0 31 55
WORKGROUP [4] > MPI_Bcast complete : worker_rank [0] task 2988a0 31 55
WORKGROUP [4]: Task working directory: /mnt/lustre/a2fs-work2/work/e05/e05/wkjee/Software/master-worker-C-Fortran-Python/mpi/C/master_worker/archer2_klmcgulp/build/2node_2/A31
