--------------------------------------------------------------------
WORKGROUP [11] > MPI_Recv complete : task 298420 11 55
WORKGROUP [11] > MPI_Bcast complete : worker_rank [0] task 298420 11 55
WORKGROUP [11]: Task working directory: /mnt/lustre/a2fs-work2/work/e05/e05/wkjee/Software/master-worker-C-Fortran-Python/mpi/C/master_worker/archer2_klmcgulp/build/2node_1/A11
WORKGROUP [11]: Task master directory: /mnt/lustre/a2fs-work2/work/e05/e05/wkjee/Software/master-worker-C-Fortran-Python/mpi/C/master_worker/archer2_klmcgulp/build/2node_1
WORKGROUP [11] > MPI_Send complete <result callback to master> : task 298420 11 57
--------------------------------------------------------------------
WORKGROUP [11] > MPI_Recv complete : task 298420 17 55
WORKGROUP [11] > MPI_Bcast complete : worker_rank [0] task 298420 17 55
WORKGROUP [11]: Task working directory: /mnt/lustre/a2fs-work2/work/e05/e05/wkjee/Software/master-worker-C-Fortran-Python/mpi/C/master_worker/archer2_klmcgulp/build/2node_1/A17
WORKGROUP [11]: Task master directory: /mnt/lustre/a2fs-work2/work/e05/e05/wkjee/Software/master-worker-C-Fortran-Python/mpi/C/master_worker/archer2_klmcgulp/build/2node_1
WORKGROUP [11] > MPI_Send complete <result callback to master> : task 298420 17 57
--------------------------------------------------------------------
WORKGROUP [11] > MPI_Recv complete : task 298420 33 55
WORKGROUP [11] > MPI_Bcast complete : worker_rank [0] task 298420 33 55
WORKGROUP [11]: Task working directory: /mnt/lustre/a2fs-work2/work/e05/e05/wkjee/Software/master-worker-C-Fortran-Python/mpi/C/master_worker/archer2_klmcgulp/build/2node_1/A33
WORKGROUP [11]: Task master directory: /mnt/lustre/a2fs-work2/work/e05/e05/wkjee/Software/master-worker-C-Fortran-Python/mpi/C/master_worker/archer2_klmcgulp/build/2node_1
WORKGROUP [11] > MPI_Send complete <result callback to master> : task 298420 33 57
********************************************************************
WORKGROUP [11] > MPI_Recv complete : task 1 -1476204720 666
WORKGROUP [11] > MPI_Bcast complete : worker_rank [0] task 1 -1476204720 666
